d:\emed\product\hip_device_saber\projects\skttx_wb_saber\visualstudio\visualgdb\debug_sensor\skttx_wb_saber.link.rsp
d:\emed\product\hip_device_saber\projects\skttx_wb_saber\visualstudio\visualgdb\debug_sensor\skttx_wb_saber.bin
d:\emed\product\hip_device_saber\projects\skttx_wb_saber\visualstudio\visualgdb\debug_sensor\skttx_wb_saber.map
d:\emed\product\hip_device_saber\projects\skttx_wb_saber\visualstudio\visualgdb\debug_sensor\skttx_wb_saber
d:\emed\product\hip_device_saber\projects\skttx_wb_saber\visualstudio\skttx_wb_saber\visualgdb\debug_sensor\app_ble.o
d:\emed\product\hip_device_saber\projects\skttx_wb_saber\visualstudio\skttx_wb_saber\visualgdb\debug_sensor\app_entry.o
d:\emed\product\hip_device_saber\projects\skttx_wb_saber\visualstudio\skttx_wb_saber\visualgdb\debug_sensor\ble_gap_aci.o
d:\emed\product\hip_device_saber\projects\skttx_wb_saber\visualstudio\skttx_wb_saber\visualgdb\debug_sensor\ble_gatt_aci.o
d:\emed\product\hip_device_saber\projects\skttx_wb_saber\visualstudio\skttx_wb_saber\visualgdb\debug_sensor\ble_hal_aci.o
d:\emed\product\hip_device_saber\projects\skttx_wb_saber\visualstudio\skttx_wb_saber\visualgdb\debug_sensor\ble_hci_le.o
d:\emed\product\hip_device_saber\projects\skttx_wb_saber\visualstudio\skttx_wb_saber\visualgdb\debug_sensor\ble_l2cap_aci.o
d:\emed\product\hip_device_saber\projects\skttx_wb_saber\visualstudio\skttx_wb_saber\visualgdb\debug_sensor\ble_proc.o
d:\emed\product\hip_device_saber\projects\skttx_wb_saber\visualstudio\skttx_wb_saber\visualgdb\debug_sensor\crc32_hw.o
d:\emed\product\hip_device_saber\projects\skttx_wb_saber\visualstudio\skttx_wb_saber\visualgdb\debug_sensor\firmware.o
d:\emed\product\hip_device_saber\projects\skttx_wb_saber\visualstudio\skttx_wb_saber\visualgdb\debug_sensor\flash_ble_if.o
d:\emed\product\hip_device_saber\projects\skttx_wb_saber\visualstudio\skttx_wb_saber\visualgdb\debug_sensor\flash_ramif.o
d:\emed\product\hip_device_saber\projects\skttx_wb_saber\visualstudio\skttx_wb_saber\visualgdb\debug_sensor\gpio_if.o
d:\emed\product\hip_device_saber\projects\skttx_wb_saber\visualstudio\skttx_wb_saber\visualgdb\debug_sensor\gtimer.o
d:\emed\product\hip_device_saber\projects\skttx_wb_saber\visualstudio\skttx_wb_saber\visualgdb\debug_sensor\hci_tl.o
d:\emed\product\hip_device_saber\projects\skttx_wb_saber\visualstudio\skttx_wb_saber\visualgdb\debug_sensor\hci_tl_if.o
d:\emed\product\hip_device_saber\projects\skttx_wb_saber\visualstudio\skttx_wb_saber\visualgdb\debug_sensor\hw_ipcc.o
d:\emed\product\hip_device_saber\projects\skttx_wb_saber\visualstudio\skttx_wb_saber\visualgdb\debug_sensor\hw_timerserver.o
d:\emed\product\hip_device_saber\projects\skttx_wb_saber\visualstudio\skttx_wb_saber\visualgdb\debug_sensor\iap.o
d:\emed\product\hip_device_saber\projects\skttx_wb_saber\visualstudio\skttx_wb_saber\visualgdb\debug_sensor\itask.o
d:\emed\product\hip_device_saber\projects\skttx_wb_saber\visualstudio\skttx_wb_saber\visualgdb\debug_sensor\large_event.o
d:\emed\product\hip_device_saber\projects\skttx_wb_saber\visualstudio\skttx_wb_saber\visualgdb\debug_sensor\log.o
d:\emed\product\hip_device_saber\projects\skttx_wb_saber\visualstudio\skttx_wb_saber\visualgdb\debug_sensor\main.o
d:\emed\product\hip_device_saber\projects\skttx_wb_saber\visualstudio\skttx_wb_saber\visualgdb\debug_sensor\md5.o
d:\emed\product\hip_device_saber\projects\skttx_wb_saber\visualstudio\skttx_wb_saber\visualgdb\debug_sensor\motion_fx_manager.o
d:\emed\product\hip_device_saber\projects\skttx_wb_saber\visualstudio\skttx_wb_saber\visualgdb\debug_sensor\osal.o
d:\emed\product\hip_device_saber\projects\skttx_wb_saber\visualstudio\skttx_wb_saber\visualgdb\debug_sensor\otp.o
d:\emed\product\hip_device_saber\projects\skttx_wb_saber\visualstudio\skttx_wb_saber\visualgdb\debug_sensor\pd_proc.o
d:\emed\product\hip_device_saber\projects\skttx_wb_saber\visualstudio\skttx_wb_saber\visualgdb\debug_sensor\platform_init.o
d:\emed\product\hip_device_saber\projects\skttx_wb_saber\visualstudio\skttx_wb_saber\visualgdb\debug_sensor\pm_proc.o
d:\emed\product\hip_device_saber\projects\skttx_wb_saber\visualstudio\skttx_wb_saber\visualgdb\debug_sensor\record_if.o
d:\emed\product\hip_device_saber\projects\skttx_wb_saber\visualstudio\skttx_wb_saber\visualgdb\debug_sensor\rng_if.o
d:\emed\product\hip_device_saber\projects\skttx_wb_saber\visualstudio\skttx_wb_saber\visualgdb\debug_sensor\saber_drv.o
d:\emed\product\hip_device_saber\projects\skttx_wb_saber\visualstudio\skttx_wb_saber\visualgdb\debug_sensor\sfds.o
d:\emed\product\hip_device_saber\projects\skttx_wb_saber\visualstudio\skttx_wb_saber\visualgdb\debug_sensor\shci.o
d:\emed\product\hip_device_saber\projects\skttx_wb_saber\visualstudio\skttx_wb_saber\visualgdb\debug_sensor\shci_tl.o
d:\emed\product\hip_device_saber\projects\skttx_wb_saber\visualstudio\skttx_wb_saber\visualgdb\debug_sensor\shci_tl_if.o
d:\emed\product\hip_device_saber\projects\skttx_wb_saber\visualstudio\skttx_wb_saber\visualgdb\debug_sensor\skt_if.o
d:\emed\product\hip_device_saber\projects\skttx_wb_saber\visualstudio\skttx_wb_saber\visualgdb\debug_sensor\skt_sensor_if.o
d:\emed\product\hip_device_saber\projects\skttx_wb_saber\visualstudio\skttx_wb_saber\visualgdb\debug_sensor\spi_a_dma_if.o
d:\emed\product\hip_device_saber\projects\skttx_wb_saber\visualstudio\skttx_wb_saber\visualgdb\debug_sensor\startup_stm32wb55xx_cm4.o
d:\emed\product\hip_device_saber\projects\skttx_wb_saber\visualstudio\skttx_wb_saber\visualgdb\debug_sensor\stm32wbxx_hal.o
d:\emed\product\hip_device_saber\projects\skttx_wb_saber\visualstudio\skttx_wb_saber\visualgdb\debug_sensor\stm32wbxx_hal_adc.o
d:\emed\product\hip_device_saber\projects\skttx_wb_saber\visualstudio\skttx_wb_saber\visualgdb\debug_sensor\stm32wbxx_hal_adc_ex.o
d:\emed\product\hip_device_saber\projects\skttx_wb_saber\visualstudio\skttx_wb_saber\visualgdb\debug_sensor\stm32wbxx_hal_comp.o
d:\emed\product\hip_device_saber\projects\skttx_wb_saber\visualstudio\skttx_wb_saber\visualgdb\debug_sensor\stm32wbxx_hal_cortex.o
d:\emed\product\hip_device_saber\projects\skttx_wb_saber\visualstudio\skttx_wb_saber\visualgdb\debug_sensor\stm32wbxx_hal_crc.o
d:\emed\product\hip_device_saber\projects\skttx_wb_saber\visualstudio\skttx_wb_saber\visualgdb\debug_sensor\stm32wbxx_hal_crc_ex.o
d:\emed\product\hip_device_saber\projects\skttx_wb_saber\visualstudio\skttx_wb_saber\visualgdb\debug_sensor\stm32wbxx_hal_cryp.o
d:\emed\product\hip_device_saber\projects\skttx_wb_saber\visualstudio\skttx_wb_saber\visualgdb\debug_sensor\stm32wbxx_hal_cryp_ex.o
d:\emed\product\hip_device_saber\projects\skttx_wb_saber\visualstudio\skttx_wb_saber\visualgdb\debug_sensor\stm32wbxx_hal_dma.o
d:\emed\product\hip_device_saber\projects\skttx_wb_saber\visualstudio\skttx_wb_saber\visualgdb\debug_sensor\stm32wbxx_hal_dma_ex.o
d:\emed\product\hip_device_saber\projects\skttx_wb_saber\visualstudio\skttx_wb_saber\visualgdb\debug_sensor\stm32wbxx_hal_exti.o
d:\emed\product\hip_device_saber\projects\skttx_wb_saber\visualstudio\skttx_wb_saber\visualgdb\debug_sensor\stm32wbxx_hal_flash.o
d:\emed\product\hip_device_saber\projects\skttx_wb_saber\visualstudio\skttx_wb_saber\visualgdb\debug_sensor\stm32wbxx_hal_flash_ex.o
d:\emed\product\hip_device_saber\projects\skttx_wb_saber\visualstudio\skttx_wb_saber\visualgdb\debug_sensor\stm32wbxx_hal_gpio.o
d:\emed\product\hip_device_saber\projects\skttx_wb_saber\visualstudio\skttx_wb_saber\visualgdb\debug_sensor\stm32wbxx_hal_hsem.o
d:\emed\product\hip_device_saber\projects\skttx_wb_saber\visualstudio\skttx_wb_saber\visualgdb\debug_sensor\stm32wbxx_hal_i2c.o
d:\emed\product\hip_device_saber\projects\skttx_wb_saber\visualstudio\skttx_wb_saber\visualgdb\debug_sensor\stm32wbxx_hal_i2c_ex.o
d:\emed\product\hip_device_saber\projects\skttx_wb_saber\visualstudio\skttx_wb_saber\visualgdb\debug_sensor\stm32wbxx_hal_ipcc.o
d:\emed\product\hip_device_saber\projects\skttx_wb_saber\visualstudio\skttx_wb_saber\visualgdb\debug_sensor\stm32wbxx_hal_irda.o
d:\emed\product\hip_device_saber\projects\skttx_wb_saber\visualstudio\skttx_wb_saber\visualgdb\debug_sensor\stm32wbxx_hal_iwdg.o
d:\emed\product\hip_device_saber\projects\skttx_wb_saber\visualstudio\skttx_wb_saber\visualgdb\debug_sensor\stm32wbxx_hal_lcd.o
d:\emed\product\hip_device_saber\projects\skttx_wb_saber\visualstudio\skttx_wb_saber\visualgdb\debug_sensor\stm32wbxx_hal_lptim.o
d:\emed\product\hip_device_saber\projects\skttx_wb_saber\visualstudio\skttx_wb_saber\visualgdb\debug_sensor\stm32wbxx_hal_pcd.o
d:\emed\product\hip_device_saber\projects\skttx_wb_saber\visualstudio\skttx_wb_saber\visualgdb\debug_sensor\stm32wbxx_hal_pcd_ex.o
d:\emed\product\hip_device_saber\projects\skttx_wb_saber\visualstudio\skttx_wb_saber\visualgdb\debug_sensor\stm32wbxx_hal_pka.o
d:\emed\product\hip_device_saber\projects\skttx_wb_saber\visualstudio\skttx_wb_saber\visualgdb\debug_sensor\stm32wbxx_hal_pwr.o
d:\emed\product\hip_device_saber\projects\skttx_wb_saber\visualstudio\skttx_wb_saber\visualgdb\debug_sensor\stm32wbxx_hal_pwr_ex.o
d:\emed\product\hip_device_saber\projects\skttx_wb_saber\visualstudio\skttx_wb_saber\visualgdb\debug_sensor\stm32wbxx_hal_qspi.o
d:\emed\product\hip_device_saber\projects\skttx_wb_saber\visualstudio\skttx_wb_saber\visualgdb\debug_sensor\stm32wbxx_hal_rcc.o
d:\emed\product\hip_device_saber\projects\skttx_wb_saber\visualstudio\skttx_wb_saber\visualgdb\debug_sensor\stm32wbxx_hal_rcc_ex.o
d:\emed\product\hip_device_saber\projects\skttx_wb_saber\visualstudio\skttx_wb_saber\visualgdb\debug_sensor\stm32wbxx_hal_rng.o
d:\emed\product\hip_device_saber\projects\skttx_wb_saber\visualstudio\skttx_wb_saber\visualgdb\debug_sensor\stm32wbxx_hal_rtc.o
d:\emed\product\hip_device_saber\projects\skttx_wb_saber\visualstudio\skttx_wb_saber\visualgdb\debug_sensor\stm32wbxx_hal_rtc_ex.o
d:\emed\product\hip_device_saber\projects\skttx_wb_saber\visualstudio\skttx_wb_saber\visualgdb\debug_sensor\stm32wbxx_hal_sai.o
d:\emed\product\hip_device_saber\projects\skttx_wb_saber\visualstudio\skttx_wb_saber\visualgdb\debug_sensor\stm32wbxx_hal_sai_ex.o
d:\emed\product\hip_device_saber\projects\skttx_wb_saber\visualstudio\skttx_wb_saber\visualgdb\debug_sensor\stm32wbxx_hal_smartcard.o
d:\emed\product\hip_device_saber\projects\skttx_wb_saber\visualstudio\skttx_wb_saber\visualgdb\debug_sensor\stm32wbxx_hal_smartcard_ex.o
d:\emed\product\hip_device_saber\projects\skttx_wb_saber\visualstudio\skttx_wb_saber\visualgdb\debug_sensor\stm32wbxx_hal_smbus.o
d:\emed\product\hip_device_saber\projects\skttx_wb_saber\visualstudio\skttx_wb_saber\visualgdb\debug_sensor\stm32wbxx_hal_spi.o
d:\emed\product\hip_device_saber\projects\skttx_wb_saber\visualstudio\skttx_wb_saber\visualgdb\debug_sensor\stm32wbxx_hal_spi_ex.o
d:\emed\product\hip_device_saber\projects\skttx_wb_saber\visualstudio\skttx_wb_saber\visualgdb\debug_sensor\stm32wbxx_hal_tim.o
d:\emed\product\hip_device_saber\projects\skttx_wb_saber\visualstudio\skttx_wb_saber\visualgdb\debug_sensor\stm32wbxx_hal_tim_ex.o
d:\emed\product\hip_device_saber\projects\skttx_wb_saber\visualstudio\skttx_wb_saber\visualgdb\debug_sensor\stm32wbxx_hal_tsc.o
d:\emed\product\hip_device_saber\projects\skttx_wb_saber\visualstudio\skttx_wb_saber\visualgdb\debug_sensor\stm32wbxx_hal_uart.o
d:\emed\product\hip_device_saber\projects\skttx_wb_saber\visualstudio\skttx_wb_saber\visualgdb\debug_sensor\stm32wbxx_hal_uart_ex.o
d:\emed\product\hip_device_saber\projects\skttx_wb_saber\visualstudio\skttx_wb_saber\visualgdb\debug_sensor\stm32wbxx_hal_usart.o
d:\emed\product\hip_device_saber\projects\skttx_wb_saber\visualstudio\skttx_wb_saber\visualgdb\debug_sensor\stm32wbxx_hal_usart_ex.o
d:\emed\product\hip_device_saber\projects\skttx_wb_saber\visualstudio\skttx_wb_saber\visualgdb\debug_sensor\stm32wbxx_hal_wwdg.o
d:\emed\product\hip_device_saber\projects\skttx_wb_saber\visualstudio\skttx_wb_saber\visualgdb\debug_sensor\stm32wbxx_it.o
d:\emed\product\hip_device_saber\projects\skttx_wb_saber\visualstudio\skttx_wb_saber\visualgdb\debug_sensor\stm32wbxx_ll_adc.o
d:\emed\product\hip_device_saber\projects\skttx_wb_saber\visualstudio\skttx_wb_saber\visualgdb\debug_sensor\stm32wbxx_ll_comp.o
d:\emed\product\hip_device_saber\projects\skttx_wb_saber\visualstudio\skttx_wb_saber\visualgdb\debug_sensor\stm32wbxx_ll_crc.o
d:\emed\product\hip_device_saber\projects\skttx_wb_saber\visualstudio\skttx_wb_saber\visualgdb\debug_sensor\stm32wbxx_ll_crs.o
d:\emed\product\hip_device_saber\projects\skttx_wb_saber\visualstudio\skttx_wb_saber\visualgdb\debug_sensor\stm32wbxx_ll_dma.o
d:\emed\product\hip_device_saber\projects\skttx_wb_saber\visualstudio\skttx_wb_saber\visualgdb\debug_sensor\stm32wbxx_ll_exti.o
d:\emed\product\hip_device_saber\projects\skttx_wb_saber\visualstudio\skttx_wb_saber\visualgdb\debug_sensor\stm32wbxx_ll_gpio.o
d:\emed\product\hip_device_saber\projects\skttx_wb_saber\visualstudio\skttx_wb_saber\visualgdb\debug_sensor\stm32wbxx_ll_i2c.o
d:\emed\product\hip_device_saber\projects\skttx_wb_saber\visualstudio\skttx_wb_saber\visualgdb\debug_sensor\stm32wbxx_ll_lptim.o
d:\emed\product\hip_device_saber\projects\skttx_wb_saber\visualstudio\skttx_wb_saber\visualgdb\debug_sensor\stm32wbxx_ll_lpuart.o
d:\emed\product\hip_device_saber\projects\skttx_wb_saber\visualstudio\skttx_wb_saber\visualgdb\debug_sensor\stm32wbxx_ll_pka.o
d:\emed\product\hip_device_saber\projects\skttx_wb_saber\visualstudio\skttx_wb_saber\visualgdb\debug_sensor\stm32wbxx_ll_pwr.o
d:\emed\product\hip_device_saber\projects\skttx_wb_saber\visualstudio\skttx_wb_saber\visualgdb\debug_sensor\stm32wbxx_ll_rcc.o
d:\emed\product\hip_device_saber\projects\skttx_wb_saber\visualstudio\skttx_wb_saber\visualgdb\debug_sensor\stm32wbxx_ll_rng.o
d:\emed\product\hip_device_saber\projects\skttx_wb_saber\visualstudio\skttx_wb_saber\visualgdb\debug_sensor\stm32wbxx_ll_rtc.o
d:\emed\product\hip_device_saber\projects\skttx_wb_saber\visualstudio\skttx_wb_saber\visualgdb\debug_sensor\stm32wbxx_ll_spi.o
d:\emed\product\hip_device_saber\projects\skttx_wb_saber\visualstudio\skttx_wb_saber\visualgdb\debug_sensor\stm32wbxx_ll_tim.o
d:\emed\product\hip_device_saber\projects\skttx_wb_saber\visualstudio\skttx_wb_saber\visualgdb\debug_sensor\stm32wbxx_ll_usart.o
d:\emed\product\hip_device_saber\projects\skttx_wb_saber\visualstudio\skttx_wb_saber\visualgdb\debug_sensor\stm32wbxx_ll_usb.o
d:\emed\product\hip_device_saber\projects\skttx_wb_saber\visualstudio\skttx_wb_saber\visualgdb\debug_sensor\stm32wbxx_ll_utils.o
d:\emed\product\hip_device_saber\projects\skttx_wb_saber\visualstudio\skttx_wb_saber\visualgdb\debug_sensor\stm32_seq.o
d:\emed\product\hip_device_saber\projects\skttx_wb_saber\visualstudio\skttx_wb_saber\visualgdb\debug_sensor\stm_list.o
d:\emed\product\hip_device_saber\projects\skttx_wb_saber\visualstudio\skttx_wb_saber\visualgdb\debug_sensor\stm_queue.o
d:\emed\product\hip_device_saber\projects\skttx_wb_saber\visualstudio\skttx_wb_saber\visualgdb\debug_sensor\system_stm32wbxx.o
d:\emed\product\hip_device_saber\projects\skttx_wb_saber\visualstudio\skttx_wb_saber\visualgdb\debug_sensor\tl_mbox.o
d:\emed\product\hip_device_saber\projects\skttx_wb_saber\visualstudio\skttx_wb_saber\visualgdb\debug_sensor\user_global.o
d:\emed\product\hip_device_saber\projects\skttx_wb_saber\visualstudio\skttx_wb_saber\visualgdb\debug_sensor\utils.o
d:\emed\product\hip_device_saber\projects\skttx_wb_saber\visualstudio\skttx_wb_saber\visualgdb\debug_sensor\app_ble.dep
d:\emed\product\hip_device_saber\projects\skttx_wb_saber\visualstudio\skttx_wb_saber\visualgdb\debug_sensor\app_entry.dep
d:\emed\product\hip_device_saber\projects\skttx_wb_saber\visualstudio\skttx_wb_saber\visualgdb\debug_sensor\ble_gap_aci.dep
d:\emed\product\hip_device_saber\projects\skttx_wb_saber\visualstudio\skttx_wb_saber\visualgdb\debug_sensor\ble_gatt_aci.dep
d:\emed\product\hip_device_saber\projects\skttx_wb_saber\visualstudio\skttx_wb_saber\visualgdb\debug_sensor\ble_hal_aci.dep
d:\emed\product\hip_device_saber\projects\skttx_wb_saber\visualstudio\skttx_wb_saber\visualgdb\debug_sensor\ble_hci_le.dep
d:\emed\product\hip_device_saber\projects\skttx_wb_saber\visualstudio\skttx_wb_saber\visualgdb\debug_sensor\ble_l2cap_aci.dep
d:\emed\product\hip_device_saber\projects\skttx_wb_saber\visualstudio\skttx_wb_saber\visualgdb\debug_sensor\ble_proc.dep
d:\emed\product\hip_device_saber\projects\skttx_wb_saber\visualstudio\skttx_wb_saber\visualgdb\debug_sensor\crc32_hw.dep
d:\emed\product\hip_device_saber\projects\skttx_wb_saber\visualstudio\skttx_wb_saber\visualgdb\debug_sensor\firmware.dep
d:\emed\product\hip_device_saber\projects\skttx_wb_saber\visualstudio\skttx_wb_saber\visualgdb\debug_sensor\flash_ble_if.dep
d:\emed\product\hip_device_saber\projects\skttx_wb_saber\visualstudio\skttx_wb_saber\visualgdb\debug_sensor\flash_ramif.dep
d:\emed\product\hip_device_saber\projects\skttx_wb_saber\visualstudio\skttx_wb_saber\visualgdb\debug_sensor\gpio_if.dep
d:\emed\product\hip_device_saber\projects\skttx_wb_saber\visualstudio\skttx_wb_saber\visualgdb\debug_sensor\gtimer.dep
d:\emed\product\hip_device_saber\projects\skttx_wb_saber\visualstudio\skttx_wb_saber\visualgdb\debug_sensor\hci_tl.dep
d:\emed\product\hip_device_saber\projects\skttx_wb_saber\visualstudio\skttx_wb_saber\visualgdb\debug_sensor\hci_tl_if.dep
d:\emed\product\hip_device_saber\projects\skttx_wb_saber\visualstudio\skttx_wb_saber\visualgdb\debug_sensor\hw_ipcc.dep
d:\emed\product\hip_device_saber\projects\skttx_wb_saber\visualstudio\skttx_wb_saber\visualgdb\debug_sensor\hw_timerserver.dep
d:\emed\product\hip_device_saber\projects\skttx_wb_saber\visualstudio\skttx_wb_saber\visualgdb\debug_sensor\iap.dep
d:\emed\product\hip_device_saber\projects\skttx_wb_saber\visualstudio\skttx_wb_saber\visualgdb\debug_sensor\itask.dep
d:\emed\product\hip_device_saber\projects\skttx_wb_saber\visualstudio\skttx_wb_saber\visualgdb\debug_sensor\large_event.dep
d:\emed\product\hip_device_saber\projects\skttx_wb_saber\visualstudio\skttx_wb_saber\visualgdb\debug_sensor\log.dep
d:\emed\product\hip_device_saber\projects\skttx_wb_saber\visualstudio\skttx_wb_saber\visualgdb\debug_sensor\main.dep
d:\emed\product\hip_device_saber\projects\skttx_wb_saber\visualstudio\skttx_wb_saber\visualgdb\debug_sensor\md5.dep
d:\emed\product\hip_device_saber\projects\skttx_wb_saber\visualstudio\skttx_wb_saber\visualgdb\debug_sensor\motion_fx_manager.dep
d:\emed\product\hip_device_saber\projects\skttx_wb_saber\visualstudio\skttx_wb_saber\visualgdb\debug_sensor\osal.dep
d:\emed\product\hip_device_saber\projects\skttx_wb_saber\visualstudio\skttx_wb_saber\visualgdb\debug_sensor\otp.dep
d:\emed\product\hip_device_saber\projects\skttx_wb_saber\visualstudio\skttx_wb_saber\visualgdb\debug_sensor\pd_proc.dep
d:\emed\product\hip_device_saber\projects\skttx_wb_saber\visualstudio\skttx_wb_saber\visualgdb\debug_sensor\platform_init.dep
d:\emed\product\hip_device_saber\projects\skttx_wb_saber\visualstudio\skttx_wb_saber\visualgdb\debug_sensor\pm_proc.dep
d:\emed\product\hip_device_saber\projects\skttx_wb_saber\visualstudio\skttx_wb_saber\visualgdb\debug_sensor\record_if.dep
d:\emed\product\hip_device_saber\projects\skttx_wb_saber\visualstudio\skttx_wb_saber\visualgdb\debug_sensor\rng_if.dep
d:\emed\product\hip_device_saber\projects\skttx_wb_saber\visualstudio\skttx_wb_saber\visualgdb\debug_sensor\saber_drv.dep
d:\emed\product\hip_device_saber\projects\skttx_wb_saber\visualstudio\skttx_wb_saber\visualgdb\debug_sensor\sfds.dep
d:\emed\product\hip_device_saber\projects\skttx_wb_saber\visualstudio\skttx_wb_saber\visualgdb\debug_sensor\shci.dep
d:\emed\product\hip_device_saber\projects\skttx_wb_saber\visualstudio\skttx_wb_saber\visualgdb\debug_sensor\shci_tl.dep
d:\emed\product\hip_device_saber\projects\skttx_wb_saber\visualstudio\skttx_wb_saber\visualgdb\debug_sensor\shci_tl_if.dep
d:\emed\product\hip_device_saber\projects\skttx_wb_saber\visualstudio\skttx_wb_saber\visualgdb\debug_sensor\skt_if.dep
d:\emed\product\hip_device_saber\projects\skttx_wb_saber\visualstudio\skttx_wb_saber\visualgdb\debug_sensor\skt_sensor_if.dep
d:\emed\product\hip_device_saber\projects\skttx_wb_saber\visualstudio\skttx_wb_saber\visualgdb\debug_sensor\spi_a_dma_if.dep
d:\emed\product\hip_device_saber\projects\skttx_wb_saber\visualstudio\skttx_wb_saber\visualgdb\debug_sensor\startup_stm32wb55xx_cm4.dep
d:\emed\product\hip_device_saber\projects\skttx_wb_saber\visualstudio\skttx_wb_saber\visualgdb\debug_sensor\stm32wbxx_hal.dep
d:\emed\product\hip_device_saber\projects\skttx_wb_saber\visualstudio\skttx_wb_saber\visualgdb\debug_sensor\stm32wbxx_hal_adc.dep
d:\emed\product\hip_device_saber\projects\skttx_wb_saber\visualstudio\skttx_wb_saber\visualgdb\debug_sensor\stm32wbxx_hal_adc_ex.dep
d:\emed\product\hip_device_saber\projects\skttx_wb_saber\visualstudio\skttx_wb_saber\visualgdb\debug_sensor\stm32wbxx_hal_comp.dep
d:\emed\product\hip_device_saber\projects\skttx_wb_saber\visualstudio\skttx_wb_saber\visualgdb\debug_sensor\stm32wbxx_hal_cortex.dep
d:\emed\product\hip_device_saber\projects\skttx_wb_saber\visualstudio\skttx_wb_saber\visualgdb\debug_sensor\stm32wbxx_hal_crc.dep
d:\emed\product\hip_device_saber\projects\skttx_wb_saber\visualstudio\skttx_wb_saber\visualgdb\debug_sensor\stm32wbxx_hal_crc_ex.dep
d:\emed\product\hip_device_saber\projects\skttx_wb_saber\visualstudio\skttx_wb_saber\visualgdb\debug_sensor\stm32wbxx_hal_cryp.dep
d:\emed\product\hip_device_saber\projects\skttx_wb_saber\visualstudio\skttx_wb_saber\visualgdb\debug_sensor\stm32wbxx_hal_cryp_ex.dep
d:\emed\product\hip_device_saber\projects\skttx_wb_saber\visualstudio\skttx_wb_saber\visualgdb\debug_sensor\stm32wbxx_hal_dma.dep
d:\emed\product\hip_device_saber\projects\skttx_wb_saber\visualstudio\skttx_wb_saber\visualgdb\debug_sensor\stm32wbxx_hal_dma_ex.dep
d:\emed\product\hip_device_saber\projects\skttx_wb_saber\visualstudio\skttx_wb_saber\visualgdb\debug_sensor\stm32wbxx_hal_exti.dep
d:\emed\product\hip_device_saber\projects\skttx_wb_saber\visualstudio\skttx_wb_saber\visualgdb\debug_sensor\stm32wbxx_hal_flash.dep
d:\emed\product\hip_device_saber\projects\skttx_wb_saber\visualstudio\skttx_wb_saber\visualgdb\debug_sensor\stm32wbxx_hal_flash_ex.dep
d:\emed\product\hip_device_saber\projects\skttx_wb_saber\visualstudio\skttx_wb_saber\visualgdb\debug_sensor\stm32wbxx_hal_gpio.dep
d:\emed\product\hip_device_saber\projects\skttx_wb_saber\visualstudio\skttx_wb_saber\visualgdb\debug_sensor\stm32wbxx_hal_hsem.dep
d:\emed\product\hip_device_saber\projects\skttx_wb_saber\visualstudio\skttx_wb_saber\visualgdb\debug_sensor\stm32wbxx_hal_i2c.dep
d:\emed\product\hip_device_saber\projects\skttx_wb_saber\visualstudio\skttx_wb_saber\visualgdb\debug_sensor\stm32wbxx_hal_i2c_ex.dep
d:\emed\product\hip_device_saber\projects\skttx_wb_saber\visualstudio\skttx_wb_saber\visualgdb\debug_sensor\stm32wbxx_hal_ipcc.dep
d:\emed\product\hip_device_saber\projects\skttx_wb_saber\visualstudio\skttx_wb_saber\visualgdb\debug_sensor\stm32wbxx_hal_irda.dep
d:\emed\product\hip_device_saber\projects\skttx_wb_saber\visualstudio\skttx_wb_saber\visualgdb\debug_sensor\stm32wbxx_hal_iwdg.dep
d:\emed\product\hip_device_saber\projects\skttx_wb_saber\visualstudio\skttx_wb_saber\visualgdb\debug_sensor\stm32wbxx_hal_lcd.dep
d:\emed\product\hip_device_saber\projects\skttx_wb_saber\visualstudio\skttx_wb_saber\visualgdb\debug_sensor\stm32wbxx_hal_lptim.dep
d:\emed\product\hip_device_saber\projects\skttx_wb_saber\visualstudio\skttx_wb_saber\visualgdb\debug_sensor\stm32wbxx_hal_pcd.dep
d:\emed\product\hip_device_saber\projects\skttx_wb_saber\visualstudio\skttx_wb_saber\visualgdb\debug_sensor\stm32wbxx_hal_pcd_ex.dep
d:\emed\product\hip_device_saber\projects\skttx_wb_saber\visualstudio\skttx_wb_saber\visualgdb\debug_sensor\stm32wbxx_hal_pka.dep
d:\emed\product\hip_device_saber\projects\skttx_wb_saber\visualstudio\skttx_wb_saber\visualgdb\debug_sensor\stm32wbxx_hal_pwr.dep
d:\emed\product\hip_device_saber\projects\skttx_wb_saber\visualstudio\skttx_wb_saber\visualgdb\debug_sensor\stm32wbxx_hal_pwr_ex.dep
d:\emed\product\hip_device_saber\projects\skttx_wb_saber\visualstudio\skttx_wb_saber\visualgdb\debug_sensor\stm32wbxx_hal_qspi.dep
d:\emed\product\hip_device_saber\projects\skttx_wb_saber\visualstudio\skttx_wb_saber\visualgdb\debug_sensor\stm32wbxx_hal_rcc.dep
d:\emed\product\hip_device_saber\projects\skttx_wb_saber\visualstudio\skttx_wb_saber\visualgdb\debug_sensor\stm32wbxx_hal_rcc_ex.dep
d:\emed\product\hip_device_saber\projects\skttx_wb_saber\visualstudio\skttx_wb_saber\visualgdb\debug_sensor\stm32wbxx_hal_rng.dep
d:\emed\product\hip_device_saber\projects\skttx_wb_saber\visualstudio\skttx_wb_saber\visualgdb\debug_sensor\stm32wbxx_hal_rtc.dep
d:\emed\product\hip_device_saber\projects\skttx_wb_saber\visualstudio\skttx_wb_saber\visualgdb\debug_sensor\stm32wbxx_hal_rtc_ex.dep
d:\emed\product\hip_device_saber\projects\skttx_wb_saber\visualstudio\skttx_wb_saber\visualgdb\debug_sensor\stm32wbxx_hal_sai.dep
d:\emed\product\hip_device_saber\projects\skttx_wb_saber\visualstudio\skttx_wb_saber\visualgdb\debug_sensor\stm32wbxx_hal_sai_ex.dep
d:\emed\product\hip_device_saber\projects\skttx_wb_saber\visualstudio\skttx_wb_saber\visualgdb\debug_sensor\stm32wbxx_hal_smartcard.dep
d:\emed\product\hip_device_saber\projects\skttx_wb_saber\visualstudio\skttx_wb_saber\visualgdb\debug_sensor\stm32wbxx_hal_smartcard_ex.dep
d:\emed\product\hip_device_saber\projects\skttx_wb_saber\visualstudio\skttx_wb_saber\visualgdb\debug_sensor\stm32wbxx_hal_smbus.dep
d:\emed\product\hip_device_saber\projects\skttx_wb_saber\visualstudio\skttx_wb_saber\visualgdb\debug_sensor\stm32wbxx_hal_spi.dep
d:\emed\product\hip_device_saber\projects\skttx_wb_saber\visualstudio\skttx_wb_saber\visualgdb\debug_sensor\stm32wbxx_hal_spi_ex.dep
d:\emed\product\hip_device_saber\projects\skttx_wb_saber\visualstudio\skttx_wb_saber\visualgdb\debug_sensor\stm32wbxx_hal_tim.dep
d:\emed\product\hip_device_saber\projects\skttx_wb_saber\visualstudio\skttx_wb_saber\visualgdb\debug_sensor\stm32wbxx_hal_tim_ex.dep
d:\emed\product\hip_device_saber\projects\skttx_wb_saber\visualstudio\skttx_wb_saber\visualgdb\debug_sensor\stm32wbxx_hal_tsc.dep
d:\emed\product\hip_device_saber\projects\skttx_wb_saber\visualstudio\skttx_wb_saber\visualgdb\debug_sensor\stm32wbxx_hal_uart.dep
d:\emed\product\hip_device_saber\projects\skttx_wb_saber\visualstudio\skttx_wb_saber\visualgdb\debug_sensor\stm32wbxx_hal_uart_ex.dep
d:\emed\product\hip_device_saber\projects\skttx_wb_saber\visualstudio\skttx_wb_saber\visualgdb\debug_sensor\stm32wbxx_hal_usart.dep
d:\emed\product\hip_device_saber\projects\skttx_wb_saber\visualstudio\skttx_wb_saber\visualgdb\debug_sensor\stm32wbxx_hal_usart_ex.dep
d:\emed\product\hip_device_saber\projects\skttx_wb_saber\visualstudio\skttx_wb_saber\visualgdb\debug_sensor\stm32wbxx_hal_wwdg.dep
d:\emed\product\hip_device_saber\projects\skttx_wb_saber\visualstudio\skttx_wb_saber\visualgdb\debug_sensor\stm32wbxx_it.dep
d:\emed\product\hip_device_saber\projects\skttx_wb_saber\visualstudio\skttx_wb_saber\visualgdb\debug_sensor\stm32wbxx_ll_adc.dep
d:\emed\product\hip_device_saber\projects\skttx_wb_saber\visualstudio\skttx_wb_saber\visualgdb\debug_sensor\stm32wbxx_ll_comp.dep
d:\emed\product\hip_device_saber\projects\skttx_wb_saber\visualstudio\skttx_wb_saber\visualgdb\debug_sensor\stm32wbxx_ll_crc.dep
d:\emed\product\hip_device_saber\projects\skttx_wb_saber\visualstudio\skttx_wb_saber\visualgdb\debug_sensor\stm32wbxx_ll_crs.dep
d:\emed\product\hip_device_saber\projects\skttx_wb_saber\visualstudio\skttx_wb_saber\visualgdb\debug_sensor\stm32wbxx_ll_dma.dep
d:\emed\product\hip_device_saber\projects\skttx_wb_saber\visualstudio\skttx_wb_saber\visualgdb\debug_sensor\stm32wbxx_ll_exti.dep
d:\emed\product\hip_device_saber\projects\skttx_wb_saber\visualstudio\skttx_wb_saber\visualgdb\debug_sensor\stm32wbxx_ll_gpio.dep
d:\emed\product\hip_device_saber\projects\skttx_wb_saber\visualstudio\skttx_wb_saber\visualgdb\debug_sensor\stm32wbxx_ll_i2c.dep
d:\emed\product\hip_device_saber\projects\skttx_wb_saber\visualstudio\skttx_wb_saber\visualgdb\debug_sensor\stm32wbxx_ll_lptim.dep
d:\emed\product\hip_device_saber\projects\skttx_wb_saber\visualstudio\skttx_wb_saber\visualgdb\debug_sensor\stm32wbxx_ll_lpuart.dep
d:\emed\product\hip_device_saber\projects\skttx_wb_saber\visualstudio\skttx_wb_saber\visualgdb\debug_sensor\stm32wbxx_ll_pka.dep
d:\emed\product\hip_device_saber\projects\skttx_wb_saber\visualstudio\skttx_wb_saber\visualgdb\debug_sensor\stm32wbxx_ll_pwr.dep
d:\emed\product\hip_device_saber\projects\skttx_wb_saber\visualstudio\skttx_wb_saber\visualgdb\debug_sensor\stm32wbxx_ll_rcc.dep
d:\emed\product\hip_device_saber\projects\skttx_wb_saber\visualstudio\skttx_wb_saber\visualgdb\debug_sensor\stm32wbxx_ll_rng.dep
d:\emed\product\hip_device_saber\projects\skttx_wb_saber\visualstudio\skttx_wb_saber\visualgdb\debug_sensor\stm32wbxx_ll_rtc.dep
d:\emed\product\hip_device_saber\projects\skttx_wb_saber\visualstudio\skttx_wb_saber\visualgdb\debug_sensor\stm32wbxx_ll_spi.dep
d:\emed\product\hip_device_saber\projects\skttx_wb_saber\visualstudio\skttx_wb_saber\visualgdb\debug_sensor\stm32wbxx_ll_tim.dep
d:\emed\product\hip_device_saber\projects\skttx_wb_saber\visualstudio\skttx_wb_saber\visualgdb\debug_sensor\stm32wbxx_ll_usart.dep
d:\emed\product\hip_device_saber\projects\skttx_wb_saber\visualstudio\skttx_wb_saber\visualgdb\debug_sensor\stm32wbxx_ll_usb.dep
d:\emed\product\hip_device_saber\projects\skttx_wb_saber\visualstudio\skttx_wb_saber\visualgdb\debug_sensor\stm32wbxx_ll_utils.dep
d:\emed\product\hip_device_saber\projects\skttx_wb_saber\visualstudio\skttx_wb_saber\visualgdb\debug_sensor\stm32_seq.dep
d:\emed\product\hip_device_saber\projects\skttx_wb_saber\visualstudio\skttx_wb_saber\visualgdb\debug_sensor\stm_list.dep
d:\emed\product\hip_device_saber\projects\skttx_wb_saber\visualstudio\skttx_wb_saber\visualgdb\debug_sensor\stm_queue.dep
d:\emed\product\hip_device_saber\projects\skttx_wb_saber\visualstudio\skttx_wb_saber\visualgdb\debug_sensor\system_stm32wbxx.dep
d:\emed\product\hip_device_saber\projects\skttx_wb_saber\visualstudio\skttx_wb_saber\visualgdb\debug_sensor\tl_mbox.dep
d:\emed\product\hip_device_saber\projects\skttx_wb_saber\visualstudio\skttx_wb_saber\visualgdb\debug_sensor\user_global.dep
d:\emed\product\hip_device_saber\projects\skttx_wb_saber\visualstudio\skttx_wb_saber\visualgdb\debug_sensor\utils.dep
d:\emed\product\hip_device_saber\projects\skttx_wb_saber\visualstudio\skttx_wb_saber\visualgdb\debug_sensor\app_ble.gcc.rsp
d:\emed\product\hip_device_saber\projects\skttx_wb_saber\visualstudio\skttx_wb_saber\visualgdb\debug_sensor\app_entry.gcc.rsp
d:\emed\product\hip_device_saber\projects\skttx_wb_saber\visualstudio\skttx_wb_saber\visualgdb\debug_sensor\ble_gap_aci.gcc.rsp
d:\emed\product\hip_device_saber\projects\skttx_wb_saber\visualstudio\skttx_wb_saber\visualgdb\debug_sensor\ble_gatt_aci.gcc.rsp
d:\emed\product\hip_device_saber\projects\skttx_wb_saber\visualstudio\skttx_wb_saber\visualgdb\debug_sensor\ble_hal_aci.gcc.rsp
d:\emed\product\hip_device_saber\projects\skttx_wb_saber\visualstudio\skttx_wb_saber\visualgdb\debug_sensor\ble_hci_le.gcc.rsp
d:\emed\product\hip_device_saber\projects\skttx_wb_saber\visualstudio\skttx_wb_saber\visualgdb\debug_sensor\ble_l2cap_aci.gcc.rsp
d:\emed\product\hip_device_saber\projects\skttx_wb_saber\visualstudio\skttx_wb_saber\visualgdb\debug_sensor\ble_proc.gcc.rsp
d:\emed\product\hip_device_saber\projects\skttx_wb_saber\visualstudio\skttx_wb_saber\visualgdb\debug_sensor\crc32_hw.gcc.rsp
d:\emed\product\hip_device_saber\projects\skttx_wb_saber\visualstudio\skttx_wb_saber\visualgdb\debug_sensor\firmware.gcc.rsp
d:\emed\product\hip_device_saber\projects\skttx_wb_saber\visualstudio\skttx_wb_saber\visualgdb\debug_sensor\flash_ble_if.gcc.rsp
d:\emed\product\hip_device_saber\projects\skttx_wb_saber\visualstudio\skttx_wb_saber\visualgdb\debug_sensor\flash_ramif.gcc.rsp
d:\emed\product\hip_device_saber\projects\skttx_wb_saber\visualstudio\skttx_wb_saber\visualgdb\debug_sensor\gpio_if.gcc.rsp
d:\emed\product\hip_device_saber\projects\skttx_wb_saber\visualstudio\skttx_wb_saber\visualgdb\debug_sensor\gtimer.gcc.rsp
d:\emed\product\hip_device_saber\projects\skttx_wb_saber\visualstudio\skttx_wb_saber\visualgdb\debug_sensor\hci_tl.gcc.rsp
d:\emed\product\hip_device_saber\projects\skttx_wb_saber\visualstudio\skttx_wb_saber\visualgdb\debug_sensor\hci_tl_if.gcc.rsp
d:\emed\product\hip_device_saber\projects\skttx_wb_saber\visualstudio\skttx_wb_saber\visualgdb\debug_sensor\hw_ipcc.gcc.rsp
d:\emed\product\hip_device_saber\projects\skttx_wb_saber\visualstudio\skttx_wb_saber\visualgdb\debug_sensor\hw_timerserver.gcc.rsp
d:\emed\product\hip_device_saber\projects\skttx_wb_saber\visualstudio\skttx_wb_saber\visualgdb\debug_sensor\iap.gcc.rsp
d:\emed\product\hip_device_saber\projects\skttx_wb_saber\visualstudio\skttx_wb_saber\visualgdb\debug_sensor\itask.gcc.rsp
d:\emed\product\hip_device_saber\projects\skttx_wb_saber\visualstudio\skttx_wb_saber\visualgdb\debug_sensor\large_event.gcc.rsp
d:\emed\product\hip_device_saber\projects\skttx_wb_saber\visualstudio\skttx_wb_saber\visualgdb\debug_sensor\log.gcc.rsp
d:\emed\product\hip_device_saber\projects\skttx_wb_saber\visualstudio\skttx_wb_saber\visualgdb\debug_sensor\main.gcc.rsp
d:\emed\product\hip_device_saber\projects\skttx_wb_saber\visualstudio\skttx_wb_saber\visualgdb\debug_sensor\md5.gcc.rsp
d:\emed\product\hip_device_saber\projects\skttx_wb_saber\visualstudio\skttx_wb_saber\visualgdb\debug_sensor\motion_fx_manager.gcc.rsp
d:\emed\product\hip_device_saber\projects\skttx_wb_saber\visualstudio\skttx_wb_saber\visualgdb\debug_sensor\osal.gcc.rsp
d:\emed\product\hip_device_saber\projects\skttx_wb_saber\visualstudio\skttx_wb_saber\visualgdb\debug_sensor\otp.gcc.rsp
d:\emed\product\hip_device_saber\projects\skttx_wb_saber\visualstudio\skttx_wb_saber\visualgdb\debug_sensor\pd_proc.gcc.rsp
d:\emed\product\hip_device_saber\projects\skttx_wb_saber\visualstudio\skttx_wb_saber\visualgdb\debug_sensor\platform_init.gcc.rsp
d:\emed\product\hip_device_saber\projects\skttx_wb_saber\visualstudio\skttx_wb_saber\visualgdb\debug_sensor\pm_proc.gcc.rsp
d:\emed\product\hip_device_saber\projects\skttx_wb_saber\visualstudio\skttx_wb_saber\visualgdb\debug_sensor\record_if.gcc.rsp
d:\emed\product\hip_device_saber\projects\skttx_wb_saber\visualstudio\skttx_wb_saber\visualgdb\debug_sensor\rng_if.gcc.rsp
d:\emed\product\hip_device_saber\projects\skttx_wb_saber\visualstudio\skttx_wb_saber\visualgdb\debug_sensor\saber_drv.gcc.rsp
d:\emed\product\hip_device_saber\projects\skttx_wb_saber\visualstudio\skttx_wb_saber\visualgdb\debug_sensor\sfds.gcc.rsp
d:\emed\product\hip_device_saber\projects\skttx_wb_saber\visualstudio\skttx_wb_saber\visualgdb\debug_sensor\shci.gcc.rsp
d:\emed\product\hip_device_saber\projects\skttx_wb_saber\visualstudio\skttx_wb_saber\visualgdb\debug_sensor\shci_tl.gcc.rsp
d:\emed\product\hip_device_saber\projects\skttx_wb_saber\visualstudio\skttx_wb_saber\visualgdb\debug_sensor\shci_tl_if.gcc.rsp
d:\emed\product\hip_device_saber\projects\skttx_wb_saber\visualstudio\skttx_wb_saber\visualgdb\debug_sensor\skt_if.gcc.rsp
d:\emed\product\hip_device_saber\projects\skttx_wb_saber\visualstudio\skttx_wb_saber\visualgdb\debug_sensor\skt_sensor_if.gcc.rsp
d:\emed\product\hip_device_saber\projects\skttx_wb_saber\visualstudio\skttx_wb_saber\visualgdb\debug_sensor\spi_a_dma_if.gcc.rsp
d:\emed\product\hip_device_saber\projects\skttx_wb_saber\visualstudio\skttx_wb_saber\visualgdb\debug_sensor\startup_stm32wb55xx_cm4.gcc.rsp
d:\emed\product\hip_device_saber\projects\skttx_wb_saber\visualstudio\skttx_wb_saber\visualgdb\debug_sensor\stm32wbxx_hal.gcc.rsp
d:\emed\product\hip_device_saber\projects\skttx_wb_saber\visualstudio\skttx_wb_saber\visualgdb\debug_sensor\stm32wbxx_hal_adc.gcc.rsp
d:\emed\product\hip_device_saber\projects\skttx_wb_saber\visualstudio\skttx_wb_saber\visualgdb\debug_sensor\stm32wbxx_hal_adc_ex.gcc.rsp
d:\emed\product\hip_device_saber\projects\skttx_wb_saber\visualstudio\skttx_wb_saber\visualgdb\debug_sensor\stm32wbxx_hal_comp.gcc.rsp
d:\emed\product\hip_device_saber\projects\skttx_wb_saber\visualstudio\skttx_wb_saber\visualgdb\debug_sensor\stm32wbxx_hal_cortex.gcc.rsp
d:\emed\product\hip_device_saber\projects\skttx_wb_saber\visualstudio\skttx_wb_saber\visualgdb\debug_sensor\stm32wbxx_hal_crc.gcc.rsp
d:\emed\product\hip_device_saber\projects\skttx_wb_saber\visualstudio\skttx_wb_saber\visualgdb\debug_sensor\stm32wbxx_hal_crc_ex.gcc.rsp
d:\emed\product\hip_device_saber\projects\skttx_wb_saber\visualstudio\skttx_wb_saber\visualgdb\debug_sensor\stm32wbxx_hal_cryp.gcc.rsp
d:\emed\product\hip_device_saber\projects\skttx_wb_saber\visualstudio\skttx_wb_saber\visualgdb\debug_sensor\stm32wbxx_hal_cryp_ex.gcc.rsp
d:\emed\product\hip_device_saber\projects\skttx_wb_saber\visualstudio\skttx_wb_saber\visualgdb\debug_sensor\stm32wbxx_hal_dma.gcc.rsp
d:\emed\product\hip_device_saber\projects\skttx_wb_saber\visualstudio\skttx_wb_saber\visualgdb\debug_sensor\stm32wbxx_hal_dma_ex.gcc.rsp
d:\emed\product\hip_device_saber\projects\skttx_wb_saber\visualstudio\skttx_wb_saber\visualgdb\debug_sensor\stm32wbxx_hal_exti.gcc.rsp
d:\emed\product\hip_device_saber\projects\skttx_wb_saber\visualstudio\skttx_wb_saber\visualgdb\debug_sensor\stm32wbxx_hal_flash.gcc.rsp
d:\emed\product\hip_device_saber\projects\skttx_wb_saber\visualstudio\skttx_wb_saber\visualgdb\debug_sensor\stm32wbxx_hal_flash_ex.gcc.rsp
d:\emed\product\hip_device_saber\projects\skttx_wb_saber\visualstudio\skttx_wb_saber\visualgdb\debug_sensor\stm32wbxx_hal_gpio.gcc.rsp
d:\emed\product\hip_device_saber\projects\skttx_wb_saber\visualstudio\skttx_wb_saber\visualgdb\debug_sensor\stm32wbxx_hal_hsem.gcc.rsp
d:\emed\product\hip_device_saber\projects\skttx_wb_saber\visualstudio\skttx_wb_saber\visualgdb\debug_sensor\stm32wbxx_hal_i2c.gcc.rsp
d:\emed\product\hip_device_saber\projects\skttx_wb_saber\visualstudio\skttx_wb_saber\visualgdb\debug_sensor\stm32wbxx_hal_i2c_ex.gcc.rsp
d:\emed\product\hip_device_saber\projects\skttx_wb_saber\visualstudio\skttx_wb_saber\visualgdb\debug_sensor\stm32wbxx_hal_ipcc.gcc.rsp
d:\emed\product\hip_device_saber\projects\skttx_wb_saber\visualstudio\skttx_wb_saber\visualgdb\debug_sensor\stm32wbxx_hal_irda.gcc.rsp
d:\emed\product\hip_device_saber\projects\skttx_wb_saber\visualstudio\skttx_wb_saber\visualgdb\debug_sensor\stm32wbxx_hal_iwdg.gcc.rsp
d:\emed\product\hip_device_saber\projects\skttx_wb_saber\visualstudio\skttx_wb_saber\visualgdb\debug_sensor\stm32wbxx_hal_lcd.gcc.rsp
d:\emed\product\hip_device_saber\projects\skttx_wb_saber\visualstudio\skttx_wb_saber\visualgdb\debug_sensor\stm32wbxx_hal_lptim.gcc.rsp
d:\emed\product\hip_device_saber\projects\skttx_wb_saber\visualstudio\skttx_wb_saber\visualgdb\debug_sensor\stm32wbxx_hal_pcd.gcc.rsp
d:\emed\product\hip_device_saber\projects\skttx_wb_saber\visualstudio\skttx_wb_saber\visualgdb\debug_sensor\stm32wbxx_hal_pcd_ex.gcc.rsp
d:\emed\product\hip_device_saber\projects\skttx_wb_saber\visualstudio\skttx_wb_saber\visualgdb\debug_sensor\stm32wbxx_hal_pka.gcc.rsp
d:\emed\product\hip_device_saber\projects\skttx_wb_saber\visualstudio\skttx_wb_saber\visualgdb\debug_sensor\stm32wbxx_hal_pwr.gcc.rsp
d:\emed\product\hip_device_saber\projects\skttx_wb_saber\visualstudio\skttx_wb_saber\visualgdb\debug_sensor\stm32wbxx_hal_pwr_ex.gcc.rsp
d:\emed\product\hip_device_saber\projects\skttx_wb_saber\visualstudio\skttx_wb_saber\visualgdb\debug_sensor\stm32wbxx_hal_qspi.gcc.rsp
d:\emed\product\hip_device_saber\projects\skttx_wb_saber\visualstudio\skttx_wb_saber\visualgdb\debug_sensor\stm32wbxx_hal_rcc.gcc.rsp
d:\emed\product\hip_device_saber\projects\skttx_wb_saber\visualstudio\skttx_wb_saber\visualgdb\debug_sensor\stm32wbxx_hal_rcc_ex.gcc.rsp
d:\emed\product\hip_device_saber\projects\skttx_wb_saber\visualstudio\skttx_wb_saber\visualgdb\debug_sensor\stm32wbxx_hal_rng.gcc.rsp
d:\emed\product\hip_device_saber\projects\skttx_wb_saber\visualstudio\skttx_wb_saber\visualgdb\debug_sensor\stm32wbxx_hal_rtc.gcc.rsp
d:\emed\product\hip_device_saber\projects\skttx_wb_saber\visualstudio\skttx_wb_saber\visualgdb\debug_sensor\stm32wbxx_hal_rtc_ex.gcc.rsp
d:\emed\product\hip_device_saber\projects\skttx_wb_saber\visualstudio\skttx_wb_saber\visualgdb\debug_sensor\stm32wbxx_hal_sai.gcc.rsp
d:\emed\product\hip_device_saber\projects\skttx_wb_saber\visualstudio\skttx_wb_saber\visualgdb\debug_sensor\stm32wbxx_hal_sai_ex.gcc.rsp
d:\emed\product\hip_device_saber\projects\skttx_wb_saber\visualstudio\skttx_wb_saber\visualgdb\debug_sensor\stm32wbxx_hal_smartcard.gcc.rsp
d:\emed\product\hip_device_saber\projects\skttx_wb_saber\visualstudio\skttx_wb_saber\visualgdb\debug_sensor\stm32wbxx_hal_smartcard_ex.gcc.rsp
d:\emed\product\hip_device_saber\projects\skttx_wb_saber\visualstudio\skttx_wb_saber\visualgdb\debug_sensor\stm32wbxx_hal_smbus.gcc.rsp
d:\emed\product\hip_device_saber\projects\skttx_wb_saber\visualstudio\skttx_wb_saber\visualgdb\debug_sensor\stm32wbxx_hal_spi.gcc.rsp
d:\emed\product\hip_device_saber\projects\skttx_wb_saber\visualstudio\skttx_wb_saber\visualgdb\debug_sensor\stm32wbxx_hal_spi_ex.gcc.rsp
d:\emed\product\hip_device_saber\projects\skttx_wb_saber\visualstudio\skttx_wb_saber\visualgdb\debug_sensor\stm32wbxx_hal_tim.gcc.rsp
d:\emed\product\hip_device_saber\projects\skttx_wb_saber\visualstudio\skttx_wb_saber\visualgdb\debug_sensor\stm32wbxx_hal_tim_ex.gcc.rsp
d:\emed\product\hip_device_saber\projects\skttx_wb_saber\visualstudio\skttx_wb_saber\visualgdb\debug_sensor\stm32wbxx_hal_tsc.gcc.rsp
d:\emed\product\hip_device_saber\projects\skttx_wb_saber\visualstudio\skttx_wb_saber\visualgdb\debug_sensor\stm32wbxx_hal_uart.gcc.rsp
d:\emed\product\hip_device_saber\projects\skttx_wb_saber\visualstudio\skttx_wb_saber\visualgdb\debug_sensor\stm32wbxx_hal_uart_ex.gcc.rsp
d:\emed\product\hip_device_saber\projects\skttx_wb_saber\visualstudio\skttx_wb_saber\visualgdb\debug_sensor\stm32wbxx_hal_usart.gcc.rsp
d:\emed\product\hip_device_saber\projects\skttx_wb_saber\visualstudio\skttx_wb_saber\visualgdb\debug_sensor\stm32wbxx_hal_usart_ex.gcc.rsp
d:\emed\product\hip_device_saber\projects\skttx_wb_saber\visualstudio\skttx_wb_saber\visualgdb\debug_sensor\stm32wbxx_hal_wwdg.gcc.rsp
d:\emed\product\hip_device_saber\projects\skttx_wb_saber\visualstudio\skttx_wb_saber\visualgdb\debug_sensor\stm32wbxx_it.gcc.rsp
d:\emed\product\hip_device_saber\projects\skttx_wb_saber\visualstudio\skttx_wb_saber\visualgdb\debug_sensor\stm32wbxx_ll_adc.gcc.rsp
d:\emed\product\hip_device_saber\projects\skttx_wb_saber\visualstudio\skttx_wb_saber\visualgdb\debug_sensor\stm32wbxx_ll_comp.gcc.rsp
d:\emed\product\hip_device_saber\projects\skttx_wb_saber\visualstudio\skttx_wb_saber\visualgdb\debug_sensor\stm32wbxx_ll_crc.gcc.rsp
d:\emed\product\hip_device_saber\projects\skttx_wb_saber\visualstudio\skttx_wb_saber\visualgdb\debug_sensor\stm32wbxx_ll_crs.gcc.rsp
d:\emed\product\hip_device_saber\projects\skttx_wb_saber\visualstudio\skttx_wb_saber\visualgdb\debug_sensor\stm32wbxx_ll_dma.gcc.rsp
d:\emed\product\hip_device_saber\projects\skttx_wb_saber\visualstudio\skttx_wb_saber\visualgdb\debug_sensor\stm32wbxx_ll_exti.gcc.rsp
d:\emed\product\hip_device_saber\projects\skttx_wb_saber\visualstudio\skttx_wb_saber\visualgdb\debug_sensor\stm32wbxx_ll_gpio.gcc.rsp
d:\emed\product\hip_device_saber\projects\skttx_wb_saber\visualstudio\skttx_wb_saber\visualgdb\debug_sensor\stm32wbxx_ll_i2c.gcc.rsp
d:\emed\product\hip_device_saber\projects\skttx_wb_saber\visualstudio\skttx_wb_saber\visualgdb\debug_sensor\stm32wbxx_ll_lptim.gcc.rsp
d:\emed\product\hip_device_saber\projects\skttx_wb_saber\visualstudio\skttx_wb_saber\visualgdb\debug_sensor\stm32wbxx_ll_lpuart.gcc.rsp
d:\emed\product\hip_device_saber\projects\skttx_wb_saber\visualstudio\skttx_wb_saber\visualgdb\debug_sensor\stm32wbxx_ll_pka.gcc.rsp
d:\emed\product\hip_device_saber\projects\skttx_wb_saber\visualstudio\skttx_wb_saber\visualgdb\debug_sensor\stm32wbxx_ll_pwr.gcc.rsp
d:\emed\product\hip_device_saber\projects\skttx_wb_saber\visualstudio\skttx_wb_saber\visualgdb\debug_sensor\stm32wbxx_ll_rcc.gcc.rsp
d:\emed\product\hip_device_saber\projects\skttx_wb_saber\visualstudio\skttx_wb_saber\visualgdb\debug_sensor\stm32wbxx_ll_rng.gcc.rsp
d:\emed\product\hip_device_saber\projects\skttx_wb_saber\visualstudio\skttx_wb_saber\visualgdb\debug_sensor\stm32wbxx_ll_rtc.gcc.rsp
d:\emed\product\hip_device_saber\projects\skttx_wb_saber\visualstudio\skttx_wb_saber\visualgdb\debug_sensor\stm32wbxx_ll_spi.gcc.rsp
d:\emed\product\hip_device_saber\projects\skttx_wb_saber\visualstudio\skttx_wb_saber\visualgdb\debug_sensor\stm32wbxx_ll_tim.gcc.rsp
d:\emed\product\hip_device_saber\projects\skttx_wb_saber\visualstudio\skttx_wb_saber\visualgdb\debug_sensor\stm32wbxx_ll_usart.gcc.rsp
d:\emed\product\hip_device_saber\projects\skttx_wb_saber\visualstudio\skttx_wb_saber\visualgdb\debug_sensor\stm32wbxx_ll_usb.gcc.rsp
d:\emed\product\hip_device_saber\projects\skttx_wb_saber\visualstudio\skttx_wb_saber\visualgdb\debug_sensor\stm32wbxx_ll_utils.gcc.rsp
d:\emed\product\hip_device_saber\projects\skttx_wb_saber\visualstudio\skttx_wb_saber\visualgdb\debug_sensor\stm32_seq.gcc.rsp
d:\emed\product\hip_device_saber\projects\skttx_wb_saber\visualstudio\skttx_wb_saber\visualgdb\debug_sensor\stm_list.gcc.rsp
d:\emed\product\hip_device_saber\projects\skttx_wb_saber\visualstudio\skttx_wb_saber\visualgdb\debug_sensor\stm_queue.gcc.rsp
d:\emed\product\hip_device_saber\projects\skttx_wb_saber\visualstudio\skttx_wb_saber\visualgdb\debug_sensor\system_stm32wbxx.gcc.rsp
d:\emed\product\hip_device_saber\projects\skttx_wb_saber\visualstudio\skttx_wb_saber\visualgdb\debug_sensor\tl_mbox.gcc.rsp
d:\emed\product\hip_device_saber\projects\skttx_wb_saber\visualstudio\skttx_wb_saber\visualgdb\debug_sensor\user_global.gcc.rsp
d:\emed\product\hip_device_saber\projects\skttx_wb_saber\visualstudio\skttx_wb_saber\visualgdb\debug_sensor\utils.gcc.rsp
d:\emed\product\hip_device_saber\projects\skttx_wb_saber\visualstudio\skttx_wb_saber\visualgdb\debug_sensor\skttx_wb_saber.alldeps
