  ble_gap_aci.c
  ble_gatt_aci.c
  ble_hal_aci.c
  ble_hci_le.c
  ble_l2cap_aci.c
  osal.c
  shci.c
  hci_tl.c
  hci_tl_if.c
  shci_tl.c
  shci_tl_if.c
  tl_mbox.c
  otp.c
  stm_list.c
  stm_queue.c
  stm32_seq.c
  motion_fx_manager.c
  crc32_hw.c
  record_if.c
  sfds.c
  md5.c
  firmware.c
  flash_ble_if.c
  flash_ramif.c
  iap.c
  log.c
  saber_drv.c
  skt_if.c
  skt_sensor_if.c
  app_ble.c
  app_entry.c
  ble_proc.c
  hw_ipcc.c
  large_event.c
  gtimer.c
  hw_timerserver.c
  gpio_if.c
  rng_if.c
  spi_a_dma_if.c
  utils.c
  itask.c
  main.c
  pd_proc.c
  platform_init.c
  pm_proc.c
  stm32wbxx_it.c
  system_stm32wbxx.c
  user_global.c
  startup_stm32wb55xx_cm4.c
  stm32wbxx_hal.c
  stm32wbxx_hal_adc.c
  stm32wbxx_hal_adc_ex.c
  stm32wbxx_hal_comp.c
  stm32wbxx_hal_cortex.c
  stm32wbxx_hal_crc.c
  stm32wbxx_hal_crc_ex.c
  stm32wbxx_hal_cryp.c
  stm32wbxx_hal_cryp_ex.c
  stm32wbxx_hal_dma.c
  stm32wbxx_hal_dma_ex.c
  stm32wbxx_hal_exti.c
  stm32wbxx_hal_flash.c
  stm32wbxx_hal_flash_ex.c
  stm32wbxx_hal_gpio.c
  stm32wbxx_hal_hsem.c
  stm32wbxx_hal_i2c.c
  stm32wbxx_hal_i2c_ex.c
  stm32wbxx_hal_ipcc.c
  stm32wbxx_hal_irda.c
  stm32wbxx_hal_iwdg.c
  stm32wbxx_hal_lcd.c
  stm32wbxx_hal_lptim.c
  stm32wbxx_hal_pcd.c
  stm32wbxx_hal_pcd_ex.c
  stm32wbxx_hal_pka.c
  stm32wbxx_hal_pwr.c
  stm32wbxx_hal_pwr_ex.c
  stm32wbxx_hal_qspi.c
  stm32wbxx_hal_rcc.c
  stm32wbxx_hal_rcc_ex.c
  stm32wbxx_hal_rng.c
  stm32wbxx_hal_rtc.c
  stm32wbxx_hal_rtc_ex.c
  stm32wbxx_hal_sai.c
  stm32wbxx_hal_sai_ex.c
  stm32wbxx_hal_smartcard.c
  stm32wbxx_hal_smartcard_ex.c
  stm32wbxx_hal_smbus.c
  stm32wbxx_hal_spi.c
  stm32wbxx_hal_spi_ex.c
  stm32wbxx_hal_tim.c
  stm32wbxx_hal_tim_ex.c
  stm32wbxx_hal_tsc.c
  stm32wbxx_hal_uart.c
  stm32wbxx_hal_uart_ex.c
  stm32wbxx_hal_usart.c
  stm32wbxx_hal_usart_ex.c
  stm32wbxx_hal_wwdg.c
  stm32wbxx_ll_adc.c
  stm32wbxx_ll_comp.c
  stm32wbxx_ll_crc.c
  stm32wbxx_ll_crs.c
  stm32wbxx_ll_dma.c
  stm32wbxx_ll_exti.c
  stm32wbxx_ll_gpio.c
  stm32wbxx_ll_i2c.c
  stm32wbxx_ll_lptim.c
  stm32wbxx_ll_lpuart.c
  stm32wbxx_ll_pka.c
  stm32wbxx_ll_pwr.c
  stm32wbxx_ll_rcc.c
  stm32wbxx_ll_rng.c
  stm32wbxx_ll_rtc.c
  stm32wbxx_ll_spi.c
  stm32wbxx_ll_tim.c
  stm32wbxx_ll_usart.c
  stm32wbxx_ll_usb.c
  stm32wbxx_ll_utils.c
  Linking ../VisualGDB/Debug/SKTTX_WB_SABER...
  Memory region         Used Size  Region Size  %age Used
             FLASH:       98414 B       512 KB     18.77%
              RAM1:       88816 B     196592 B     45.18%
        RAM_SHARED:        3984 B        10 KB     38.91%
  Map file saved to file://D:\eMed\product\hip_device_saber\Projects\SKTTX_WB_SABER\VisualStudio\VisualGDB\Debug\SKTTX_WB_SABER.map
  ------------------- Memory utilization report -------------------
  Used FLASH: 96KB out of 512KB (18%)
  Used SRAM: 90KB out of 256KB (35%)
